# JRE version: OpenJDK Runtime Environment Temurin-21.0.7+6 (21.0.7+6) (build 21.0.7+6-LTS)
# Java VM: OpenJDK 64-Bit Server VM Temurin-21.0.7+6 (21.0.7+6-LTS, mixed mode, sharing, tiered, compressed oops, compressed class ptrs, parallel gc, windows-amd64)
GC Precious Log:
 CardTable entry size: 512
 CPUs: 4 total, 4 available
 Memory: 3961M
 Large Page Support: Disabled
 NUMA Support: Disabled
 Compressed Oops: Enabled (32-bit)
 Alignments: Space 512K, Generation 512K, Heap 2M
 Heap Min Capacity: 100M
 Heap Initial Capacity: 100M
 Heap Max Capacity: 2G
 Pre-touch: Disabled
 Parallel Workers: 4
Heap:
 PSYoungGen      total 8704K, used 5839K [0x00000000d5580000, 0x00000000d5f00000, 0x0000000100000000)
  eden space 7680K, 64% used [0x00000000d5580000,0x00000000d5a5f408,0x00000000d5d00000)
  from space 1024K, 83% used [0x00000000d5e00000,0x00000000d5ed4928,0x00000000d5f00000)
  to   space 1024K, 0% used [0x00000000d5d00000,0x00000000d5d00000,0x00000000d5e00000)
 ParOldGen       total 705536K, used 614259K [0x0000000080000000, 0x00000000ab100000, 0x00000000d5580000)
  object space 705536K, 87% used [0x0000000080000000,0x00000000a57dcee8,0x00000000ab100000)
 Metaspace       used 80751K, committed 82368K, reserved 1179648K
  class space    used 7896K, committed 8640K, reserved 1048576K
GC Heap History (20 events):
Event: 6280.651 GC heap before
{Heap before GC invocations=1900 (full 4):
 PSYoungGen      total 7680K, used 7216K [0x00000000d5580000, 0x00000000d6000000, 0x0000000100000000)
  eden space 6144K, 100% used [0x00000000d5580000,0x00000000d5b80000,0x00000000d5b80000)
  from space 1536K, 69% used [0x00000000d5b80000,0x00000000d5c8c010,0x00000000d5d00000)
  to   space 2048K, 0% used [0x00000000d5e00000,0x00000000d5e00000,0x00000000d6000000)
 ParOldGen       total 705536K, used 601016K [0x0000000080000000, 0x00000000ab100000, 0x00000000d5580000)
  object space 705536K, 85% used [0x0000000080000000,0x00000000a4aee330,0x00000000ab100000)
 Metaspace       used 80580K, committed 82176K, reserved 1179648K
  class space    used 7895K, committed 8640K, reserved 1048576K
}
Event: 6280.660 GC heap after
{Heap after GC invocations=1900 (full 4):
 PSYoungGen      total 6656K, used 192K [0x00000000d5580000, 0x00000000d5e80000, 0x0000000100000000)
  eden space 6144K, 0% used [0x00000000d5580000,0x00000000d5580000,0x00000000d5b80000)
  from space 512K, 37% used [0x00000000d5e00000,0x00000000d5e30000,0x00000000d5e80000)
  to   space 1024K, 0% used [0x00000000d5c80000,0x00000000d5c80000,0x00000000d5d80000)
 ParOldGen       total 705536K, used 602036K [0x0000000080000000, 0x00000000ab100000, 0x00000000d5580000)
  object space 705536K, 85% used [0x0000000080000000,0x00000000a4bed3b8,0x00000000ab100000)
 Metaspace       used 80580K, committed 82176K, reserved 1179648K
  class space    used 7895K, committed 8640K, reserved 1048576K
}
Event: 6280.843 GC heap before
{Heap before GC invocations=1901 (full 4):
 PSYoungGen      total 6656K, used 6188K [0x00000000d5580000, 0x00000000d5e80000, 0x0000000100000000)
  eden space 6144K, 97% used [0x00000000d5580000,0x00000000d5b5b300,0x00000000d5b80000)
  from space 512K, 37% used [0x00000000d5e00000,0x00000000d5e30000,0x00000000d5e80000)
  to   space 1024K, 0% used [0x00000000d5c80000,0x00000000d5c80000,0x00000000d5d80000)
 ParOldGen       total 705536K, used 602036K [0x0000000080000000, 0x00000000ab100000, 0x00000000d5580000)
  object space 705536K, 85% used [0x0000000080000000,0x00000000a4bed3b8,0x00000000ab100000)
 Metaspace       used 80587K, committed 82176K, reserved 1179648K
  class space    used 7895K, committed 8640K, reserved 1048576K
}
Event: 6280.866 GC heap after
{Heap after GC invocations=1901 (full 4):
 PSYoungGen      total 7168K, used 128K [0x00000000d5580000, 0x00000000d5e80000, 0x0000000100000000)
  eden space 6144K, 0% used [0x00000000d5580000,0x00000000d5580000,0x00000000d5b80000)
  from space 1024K, 12% used [0x00000000d5c80000,0x00000000d5ca0000,0x00000000d5d80000)
  to   space 512K, 0% used [0x00000000d5e00000,0x00000000d5e00000,0x00000000d5e80000)
 ParOldGen       total 705536K, used 605030K [0x0000000080000000, 0x00000000ab100000, 0x00000000d5580000)
  object space 705536K, 85% used [0x0000000080000000,0x00000000a4ed9858,0x00000000ab100000)
 Metaspace       used 80587K, committed 82176K, reserved 1179648K
  class space    used 7895K, committed 8640K, reserved 1048576K
}
Event: 6281.006 GC heap before
{Heap before GC invocations=1902 (full 4):
 PSYoungGen      total 7168K, used 5057K [0x00000000d5580000, 0x00000000d5e80000, 0x0000000100000000)
  eden space 6144K, 80% used [0x00000000d5580000,0x00000000d5a507a8,0x00000000d5b80000)
  from space 1024K, 12% used [0x00000000d5c80000,0x00000000d5ca0000,0x00000000d5d80000)
  to   space 512K, 0% used [0x00000000d5e00000,0x00000000d5e00000,0x00000000d5e80000)
 ParOldGen       total 705536K, used 605030K [0x0000000080000000, 0x00000000ab100000, 0x00000000d5580000)
  object space 705536K, 85% used [0x0000000080000000,0x00000000a4ed9858,0x00000000ab100000)
 Metaspace       used 80592K, committed 82176K, reserved 1179648K
  class space    used 7895K, committed 8640K, reserved 1048576K
}
Event: 6281.011 GC heap after
{Heap after GC invocations=1902 (full 4):
 PSYoungGen      total 6656K, used 447K [0x00000000d5580000, 0x00000000d5e80000, 0x0000000100000000)
  eden space 6144K, 0% used [0x00000000d5580000,0x00000000d5580000,0x00000000d5b80000)
  from space 512K, 87% used [0x00000000d5e00000,0x00000000d5e6fc30,0x00000000d5e80000)
  to   space 512K, 0% used [0x00000000d5d80000,0x00000000d5d80000,0x00000000d5e00000)
 ParOldGen       total 705536K, used 605113K [0x0000000080000000, 0x00000000ab100000, 0x00000000d5580000)
  object space 705536K, 85% used [0x0000000080000000,0x00000000a4eee420,0x00000000ab100000)
 Metaspace       used 80592K, committed 82176K, reserved 1179648K
  class space    used 7895K, committed 8640K, reserved 1048576K
}
Event: 6281.452 GC heap before
{Heap before GC invocations=1903 (full 4):
 PSYoungGen      total 6656K, used 6591K [0x00000000d5580000, 0x00000000d5e80000, 0x0000000100000000)
  eden space 6144K, 100% used [0x00000000d5580000,0x00000000d5b80000,0x00000000d5b80000)
  from space 512K, 87% used [0x00000000d5e00000,0x00000000d5e6fc30,0x00000000d5e80000)
  to   space 512K, 0% used [0x00000000d5d80000,0x00000000d5d80000,0x00000000d5e00000)
 ParOldGen       total 705536K, used 605113K [0x0000000080000000, 0x00000000ab100000, 0x00000000d5580000)
  object space 705536K, 85% used [0x0000000080000000,0x00000000a4eee420,0x00000000ab100000)
 Metaspace       used 80611K, committed 82240K, reserved 1179648K
  class space    used 7895K, committed 8640K, reserved 1048576K
}
Event: 6281.460 GC heap after
{Heap after GC invocations=1903 (full 4):
 PSYoungGen      total 6656K, used 384K [0x00000000d5580000, 0x00000000d5e80000, 0x0000000100000000)
  eden space 6144K, 0% used [0x00000000d5580000,0x00000000d5580000,0x00000000d5b80000)
  from space 512K, 75% used [0x00000000d5d80000,0x00000000d5de0020,0x00000000d5e00000)
  to   space 512K, 0% used [0x00000000d5e00000,0x00000000d5e00000,0x00000000d5e80000)
 ParOldGen       total 705536K, used 605497K [0x0000000080000000, 0x00000000ab100000, 0x00000000d5580000)
  object space 705536K, 85% used [0x0000000080000000,0x00000000a4f4e4e0,0x00000000ab100000)
 Metaspace       used 80611K, committed 82240K, reserved 1179648K
  class space    used 7895K, committed 8640K, reserved 1048576K
}
Event: 6281.570 GC heap before
{Heap before GC invocations=1904 (full 4):
 PSYoungGen      total 6656K, used 5382K [0x00000000d5580000, 0x00000000d5e80000, 0x0000000100000000)
  eden space 6144K, 81% used [0x00000000d5580000,0x00000000d5a61a28,0x00000000d5b80000)
  from space 512K, 75% used [0x00000000d5d80000,0x00000000d5de0020,0x00000000d5e00000)
  to   space 512K, 0% used [0x00000000d5e00000,0x00000000d5e00000,0x00000000d5e80000)
 ParOldGen       total 705536K, used 605497K [0x0000000080000000, 0x00000000ab100000, 0x00000000d5580000)
  object space 705536K, 85% used [0x0000000080000000,0x00000000a4f4e4e0,0x00000000ab100000)
 Metaspace       used 80617K, committed 82240K, reserved 1179648K
  class space    used 7895K, committed 8640K, reserved 1048576K
}
Event: 6281.578 GC heap after
{Heap after GC invocations=1904 (full 4):
 PSYoungGen      total 6656K, used 288K [0x00000000d5580000, 0x00000000d5e80000, 0x0000000100000000)
  eden space 6144K, 0% used [0x00000000d5580000,0x00000000d5580000,0x00000000d5b80000)
  from space 512K, 56% used [0x00000000d5e00000,0x00000000d5e48000,0x00000000d5e80000)
  to   space 512K, 0% used [0x00000000d5d80000,0x00000000d5d80000,0x00000000d5e00000)
 ParOldGen       total 705536K, used 605841K [0x0000000080000000, 0x00000000ab100000, 0x00000000d5580000)
  object space 705536K, 85% used [0x0000000080000000,0x00000000a4fa4510,0x00000000ab100000)
 Metaspace       used 80617K, committed 82240K, reserved 1179648K
  class space    used 7895K, committed 8640K, reserved 1048576K
}
Event: 6281.662 GC heap before
{Heap before GC invocations=1905 (full 4):
 PSYoungGen      total 6656K, used 6432K [0x00000000d5580000, 0x00000000d5e80000, 0x0000000100000000)
  eden space 6144K, 100% used [0x00000000d5580000,0x00000000d5b80000,0x00000000d5b80000)
  from space 512K, 56% used [0x00000000d5e00000,0x00000000d5e48000,0x00000000d5e80000)
  to   space 512K, 0% used [0x00000000d5d80000,0x00000000d5d80000,0x00000000d5e00000)
 ParOldGen       total 705536K, used 605841K [0x0000000080000000, 0x00000000ab100000, 0x00000000d5580000)
  object space 705536K, 85% used [0x0000000080000000,0x00000000a4fa4510,0x00000000ab100000)
 Metaspace       used 80621K, committed 82240K, reserved 1179648K
  class space    used 7895K, committed 8640K, reserved 1048576K
}
Event: 6281.686 GC heap after
{Heap after GC invocations=1905 (full 4):
 PSYoungGen      total 6656K, used 395K [0x00000000d5580000, 0x00000000d5e80000, 0x0000000100000000)
  eden space 6144K, 0% used [0x00000000d5580000,0x00000000d5580000,0x00000000d5b80000)
  from space 512K, 77% used [0x00000000d5d80000,0x00000000d5de2ea0,0x00000000d5e00000)
  to   space 512K, 0% used [0x00000000d5e00000,0x00000000d5e00000,0x00000000d5e80000)
 ParOldGen       total 705536K, used 607442K [0x0000000080000000, 0x00000000ab100000, 0x00000000d5580000)
  object space 705536K, 86% used [0x0000000080000000,0x00000000a5134b88,0x00000000ab100000)
 Metaspace       used 80621K, committed 82240K, reserved 1179648K
  class space    used 7895K, committed 8640K, reserved 1048576K
}
Event: 6281.728 GC heap before
{Heap before GC invocations=1906 (full 4):
 PSYoungGen      total 6656K, used 6539K [0x00000000d5580000, 0x00000000d5e80000, 0x0000000100000000)
  eden space 6144K, 100% used [0x00000000d5580000,0x00000000d5b80000,0x00000000d5b80000)
  from space 512K, 77% used [0x00000000d5d80000,0x00000000d5de2ea0,0x00000000d5e00000)
  to   space 512K, 0% used [0x00000000d5e00000,0x00000000d5e00000,0x00000000d5e80000)
 ParOldGen       total 705536K, used 607442K [0x0000000080000000, 0x00000000ab100000, 0x00000000d5580000)
  object space 705536K, 86% used [0x0000000080000000,0x00000000a5134b88,0x00000000ab100000)
 Metaspace       used 80631K, committed 82240K, reserved 1179648K
  class space    used 7895K, committed 8640K, reserved 1048576K
}
Event: 6281.749 GC heap after
{Heap after GC invocations=1906 (full 4):
 PSYoungGen      total 6656K, used 416K [0x00000000d5580000, 0x00000000d5e80000, 0x0000000100000000)
  eden space 6144K, 0% used [0x00000000d5580000,0x00000000d5580000,0x00000000d5b80000)
  from space 512K, 81% used [0x00000000d5e00000,0x00000000d5e68000,0x00000000d5e80000)
  to   space 512K, 0% used [0x00000000d5d80000,0x00000000d5d80000,0x00000000d5e00000)
 ParOldGen       total 705536K, used 609197K [0x0000000080000000, 0x00000000ab100000, 0x00000000d5580000)
  object space 705536K, 86% used [0x0000000080000000,0x00000000a52eb580,0x00000000ab100000)
 Metaspace       used 80631K, committed 82240K, reserved 1179648K
  class space    used 7895K, committed 8640K, reserved 1048576K
}
Event: 6281.787 GC heap before
{Heap before GC invocations=1907 (full 4):
 PSYoungGen      total 6656K, used 6560K [0x00000000d5580000, 0x00000000d5e80000, 0x0000000100000000)
  eden space 6144K, 100% used [0x00000000d5580000,0x00000000d5b80000,0x00000000d5b80000)
  from space 512K, 81% used [0x00000000d5e00000,0x00000000d5e68000,0x00000000d5e80000)
  to   space 512K, 0% used [0x00000000d5d80000,0x00000000d5d80000,0x00000000d5e00000)
 ParOldGen       total 705536K, used 609197K [0x0000000080000000, 0x00000000ab100000, 0x00000000d5580000)
  object space 705536K, 86% used [0x0000000080000000,0x00000000a52eb580,0x00000000ab100000)
 Metaspace       used 80643K, committed 82240K, reserved 1179648K
  class space    used 7895K, committed 8640K, reserved 1048576K
}
Event: 6281.808 GC heap after
{Heap after GC invocations=1907 (full 4):
 PSYoungGen      total 8192K, used 412K [0x00000000d5580000, 0x00000000d5e80000, 0x0000000100000000)
  eden space 7680K, 0% used [0x00000000d5580000,0x00000000d5580000,0x00000000d5d00000)
  from space 512K, 80% used [0x00000000d5d80000,0x00000000d5de7318,0x00000000d5e00000)
  to   space 512K, 0% used [0x00000000d5e00000,0x00000000d5e00000,0x00000000d5e80000)
 ParOldGen       total 705536K, used 610914K [0x0000000080000000, 0x00000000ab100000, 0x00000000d5580000)
  object space 705536K, 86% used [0x0000000080000000,0x00000000a54989f0,0x00000000ab100000)
 Metaspace       used 80643K, committed 82240K, reserved 1179648K
  class space    used 7895K, committed 8640K, reserved 1048576K
}
Event: 6281.899 GC heap before
{Heap before GC invocations=1908 (full 4):
 PSYoungGen      total 8192K, used 8092K [0x00000000d5580000, 0x00000000d5e80000, 0x0000000100000000)
  eden space 7680K, 100% used [0x00000000d5580000,0x00000000d5d00000,0x00000000d5d00000)
  from space 512K, 80% used [0x00000000d5d80000,0x00000000d5de7318,0x00000000d5e00000)
  to   space 512K, 0% used [0x00000000d5e00000,0x00000000d5e00000,0x00000000d5e80000)
 ParOldGen       total 705536K, used 610914K [0x0000000080000000, 0x00000000ab100000, 0x00000000d5580000)
  object space 705536K, 86% used [0x0000000080000000,0x00000000a54989f0,0x00000000ab100000)
 Metaspace       used 80656K, committed 82240K, reserved 1179648K
  class space    used 7895K, committed 8640K, reserved 1048576K
}
Event: 6281.907 GC heap after
{Heap after GC invocations=1908 (full 4):
 PSYoungGen      total 8192K, used 192K [0x00000000d5580000, 0x00000000d5e80000, 0x0000000100000000)
  eden space 7680K, 0% used [0x00000000d5580000,0x00000000d5580000,0x00000000d5d00000)
  from space 512K, 37% used [0x00000000d5e00000,0x00000000d5e30000,0x00000000d5e80000)
  to   space 512K, 0% used [0x00000000d5d80000,0x00000000d5d80000,0x00000000d5e00000)
 ParOldGen       total 705536K, used 611170K [0x0000000080000000, 0x00000000ab100000, 0x00000000d5580000)
  object space 705536K, 86% used [0x0000000080000000,0x00000000a54d89f0,0x00000000ab100000)
 Metaspace       used 80656K, committed 82240K, reserved 1179648K
  class space    used 7895K, committed 8640K, reserved 1048576K
}
Event: 6281.978 GC heap before
{Heap before GC invocations=1909 (full 4):
 PSYoungGen      total 8192K, used 7872K [0x00000000d5580000, 0x00000000d5e80000, 0x0000000100000000)
  eden space 7680K, 100% used [0x00000000d5580000,0x00000000d5d00000,0x00000000d5d00000)
  from space 512K, 37% used [0x00000000d5e00000,0x00000000d5e30000,0x00000000d5e80000)
  to   space 512K, 0% used [0x00000000d5d80000,0x00000000d5d80000,0x00000000d5e00000)
 ParOldGen       total 705536K, used 611170K [0x0000000080000000, 0x00000000ab100000, 0x00000000d5580000)
  object space 705536K, 86% used [0x0000000080000000,0x00000000a54d89f0,0x00000000ab100000)
 Metaspace       used 80657K, committed 82240K, reserved 1179648K
  class space    used 7895K, committed 8640K, reserved 1048576K
}
Event: 6282.004 GC heap after
{Heap after GC invocations=1909 (full 4):
 PSYoungGen      total 8192K, used 480K [0x00000000d5580000, 0x00000000d5f00000, 0x0000000100000000)
  eden space 7680K, 0% used [0x00000000d5580000,0x00000000d5580000,0x00000000d5d00000)
  from space 512K, 93% used [0x00000000d5d80000,0x00000000d5df8000,0x00000000d5e00000)
  to   space 1024K, 0% used [0x00000000d5e00000,0x00000000d5e00000,0x00000000d5f00000)
 ParOldGen       total 705536K, used 612698K [0x0000000080000000, 0x00000000ab100000, 0x00000000d5580000)
  object space 705536K, 86% used [0x0000000080000000,0x00000000a5656b18,0x00000000ab100000)
 Metaspace       used 80657K, committed 82240K, reserved 1179648K
  class space    used 7895K, committed 8640K, reserved 1048576K
}

